<?xml version="1.0" encoding="UTF-8"?>
<testsuite xmlns:xsi="http://www.w3.org/2001/XMLSchema-instance" xsi:noNamespaceSchemaLocation="https://maven.apache.org/surefire/maven-surefire-plugin/xsd/surefire-test-report-3.0.xsd" version="3.0" name="fi.tuni.prog3.junitorder.OrderTest" time="0.136" tests="16" errors="0" skipped="0" failures="0">
  <properties>
[...]
</properties>
  <testcase name="testAddItemsByNameValid" classname="fi.tuni.prog3.junitorder.OrderTest" time="0.034"/>
  <testcase name="testGetItemName" classname="fi.tuni.prog3.junitorder.OrderTest" time="0.001"/>
  <testcase name="testGetCount" classname="fi.tuni.prog3.junitorder.OrderTest" time="0.003"/>
  <testcase name="testRemoveItemsValid" classname="fi.tuni.prog3.junitorder.OrderTest" time="0.002"/>
  <testcase name="testGetEntries" classname="fi.tuni.prog3.junitorder.OrderTest" time="0.002"/>
  <testcase name="testGetItemCount" classname="fi.tuni.prog3.junitorder.OrderTest" time="0"/>
  <testcase name="testRemoveItemsInvalid" classname="fi.tuni.prog3.junitorder.OrderTest" time="0.001"/>
  <testcase name="testGetItem" classname="fi.tuni.prog3.junitorder.OrderTest" time="0.001"/>
  <testcase name="testGetEntryCount" classname="fi.tuni.prog3.junitorder.OrderTest" time="0.002"/>
  <testcase name="testItemMethods" classname="fi.tuni.prog3.junitorder.OrderTest" time="0.017"/>
  <testcase name="testAddItemsByNameInvalid" classname="fi.tuni.prog3.junitorder.OrderTest" time="0.001"/>
  <testcase name="testAddItemsInvalid" classname="fi.tuni.prog3.junitorder.OrderTest" time="0.001"/>
  <testcase name="testAddItemsValid" classname="fi.tuni.prog3.junitorder.OrderTest" time="0.004"/>
  <testcase name="testGetUnitPrice" classname="fi.tuni.prog3.junitorder.OrderTest" time="0"/>
  <testcase name="testEquals" classname="fi.tuni.prog3.junitorder.OrderTest" time="0.006"/>
  <testcase name="testIsEmpty" classname="fi.tuni.prog3.junitorder.OrderTest" time="0.001"/>
</testsuite>